\BOOKMARK [1][-]{section.1}{\376\377\144\130\211\201}{}% 1
\BOOKMARK [1][-]{section.2}{\376\377\116\373\122\241\116\000\377\032\133\211\210\305\206\132\142\337\147\072}{}% 2
\BOOKMARK [2][-]{subsection.2.1}{\376\377\116\373\122\241\121\205\133\271}{section.2}% 3
\BOOKMARK [2][-]{subsection.2.2}{\376\377\116\373\122\241\122\006\147\220}{section.2}% 4
\BOOKMARK [2][-]{subsection.2.3}{\376\377\116\373\122\241\133\236\163\260}{section.2}% 5
\BOOKMARK [3][-]{subsubsection.2.3.1}{\376\377\133\211\210\305\206\132\142\337\147\072\217\157\116\366}{subsection.2.3}% 6
\BOOKMARK [3][-]{subsubsection.2.3.2}{\376\377\133\211\210\305\000\040\000U\000b\000u\000n\000t\000u\000\040\0002\0002\000.\0000\0004\000\040\000L\000T\000S\000\040\144\315\117\134\174\373\176\337}{subsection.2.3}% 7
\BOOKMARK [1][-]{section.3}{\376\377\116\373\122\241\116\214\377\032\133\211\210\305\000\040\000C\000\040\213\355\212\000\177\026\213\321\126\150}{}% 8
\BOOKMARK [2][-]{subsection.3.1}{\376\377\116\373\122\241\121\205\133\271}{section.3}% 9
\BOOKMARK [2][-]{subsection.3.2}{\376\377\116\373\122\241\122\006\147\220}{section.3}% 10
\BOOKMARK [2][-]{subsection.3.3}{\376\377\116\373\122\241\133\236\163\260}{section.3}% 11
\BOOKMARK [3][-]{subsubsection.3.3.1}{\376\377\133\211\210\305\147\000\145\260\162\110\147\054\166\204\000\040\000G\000C\000C}{subsection.3.3}% 12
\BOOKMARK [3][-]{subsubsection.3.3.2}{\376\377\232\214\213\301\177\026\213\321\126\150\133\211\210\305\142\020\122\237}{subsection.3.3}% 13
\BOOKMARK [1][-]{section.4}{\376\377\116\373\122\241\116\011\377\032\133\236\163\260\143\222\136\217\173\227\154\325}{}% 14
\BOOKMARK [2][-]{subsection.4.1}{\376\377\116\373\122\241\121\205\133\271}{section.4}% 15
\BOOKMARK [2][-]{subsection.4.2}{\376\377\116\373\122\241\122\006\147\220}{section.4}% 16
\BOOKMARK [2][-]{subsection.4.3}{\376\377\116\373\122\241\133\236\163\260}{section.4}% 17
\BOOKMARK [3][-]{subsubsection.4.3.1}{\376\377\121\222\154\341\143\222\136\217}{subsection.4.3}% 18
\BOOKMARK [3][-]{subsubsection.4.3.2}{\376\377\127\372\170\100\130\006\143\222\136\217}{subsection.4.3}% 19
\BOOKMARK [3][-]{subsubsection.4.3.3}{\376\377\145\220\154\342\220\243\131\121\130\006\143\222\136\217}{subsection.4.3}% 20
\BOOKMARK [1][-]{section.5}{\376\377\116\373\122\241\126\333\377\032\165\037\142\020\155\113\213\325\145\160\143\156}{}% 21
\BOOKMARK [2][-]{subsection.5.1}{\376\377\116\373\122\241\121\205\133\271}{section.5}% 22
\BOOKMARK [2][-]{subsection.5.2}{\376\377\116\373\122\241\122\006\147\220}{section.5}% 23
\BOOKMARK [2][-]{subsection.5.3}{\376\377\116\373\122\241\133\236\163\260}{section.5}% 24
\BOOKMARK [3][-]{subsubsection.5.3.1}{\376\377\201\352\122\250\165\037\142\020\155\113\213\325\145\160\143\156}{subsection.5.3}% 25
\BOOKMARK [1][-]{section.6}{\376\377\116\373\122\241\116\224\377\032\177\026\213\321\116\016\140\047\200\375\155\113\213\325}{}% 26
\BOOKMARK [2][-]{subsection.6.1}{\376\377\116\373\122\241\121\205\133\271}{section.6}% 27
\BOOKMARK [2][-]{subsection.6.2}{\376\377\116\373\122\241\122\006\147\220}{section.6}% 28
\BOOKMARK [2][-]{subsection.6.3}{\376\377\116\373\122\241\133\236\163\260}{section.6}% 29
\BOOKMARK [3][-]{subsubsection.6.3.1}{\376\377\121\222\154\341\143\222\136\217}{subsection.6.3}% 30
\BOOKMARK [3][-]{subsubsection.6.3.2}{\376\377\127\372\170\100\130\006\143\222\136\217}{subsection.6.3}% 31
\BOOKMARK [1][-]{section.7}{\376\377\116\373\122\241\121\155\377\032\145\160\143\156\213\260\137\125\116\016\123\357\211\306\123\026}{}% 32
\BOOKMARK [2][-]{subsection.7.1}{\376\377\116\373\122\241\121\205\133\271}{section.7}% 33
\BOOKMARK [2][-]{subsection.7.2}{\376\377\116\373\122\241\122\006\147\220}{section.7}% 34
\BOOKMARK [2][-]{subsection.7.3}{\376\377\116\373\122\241\133\236\163\260}{section.7}% 35
\BOOKMARK [3][-]{subsubsection.7.3.1}{\376\377\145\066\226\306\217\320\210\114\176\323\147\234}{subsection.7.3}% 36
\BOOKMARK [3][-]{subsubsection.7.3.2}{\376\377\122\006\147\220\173\227\154\325\166\204\145\366\225\364\131\015\147\102\136\246}{subsection.7.3}% 37
\BOOKMARK [3][-]{subsubsection.7.3.3}{\376\377\213\260\137\125\145\160\143\156}{subsection.7.3}% 38
\BOOKMARK [3][-]{subsubsection.7.3.4}{\376\377\176\330\122\066\126\376\210\150}{subsection.7.3}% 39
\BOOKMARK [3][-]{subsubsection.7.3.5}{\376\377\176\323\147\234\134\125\171\072}{subsection.7.3}% 40
\BOOKMARK [1][-]{section.8}{\376\377\133\236\232\214\217\307\172\013\116\055\220\107\122\060\166\204\225\356\230\230\123\312\211\343\121\263\145\271\150\110}{}% 41
